266 [4924] INFO perfrun.launcher <> - Launcher main begin
276 [4924] INFO perfrun.launcher <> - MessageCatalogInit finished
276 [4924] INFO perfrun.launcher <> - Launcher instance created
276 [4924] INFO perfrun.launcher <> - argc = 7; cmdline = C:\Program Files (x86)\IntelSWTools\VTune Amplifier 2019\bin64\amplxe-runss.exe --ui-output-format xml --ui-output-fd 5744 --option-file C:\Users\serge\source\repos\ThirdLab\ThirdLab\My Amplifier Results - ThirdLab\r003hs\config\runsa.options 
408 [4924] INFO perfrun.launcher <> - New signal handler callback was added
433 [4924] INFO perfrun.launcher <> - plugin remoteplug has been added successfully
433 [4924] INFO perfrun.launcher <> - plugin system has been added successfully
433 [4924] INFO perfrun.launcher <> - plugin itt has been added successfully
433 [4924] INFO perfrun.launcher <> - plugin  has been added successfully
433 [4924] INFO perfrun.launcher <> - plugin gpu has been added successfully
433 [4924] INFO perfrun.launcher <> - plugin etw.kernel has been added successfully
434 [4924] INFO perfrun.launcher <> - plugin etw.dx has been added successfully
434 [4924] INFO perfrun.launcher <> - plugin etw.wsa has been added successfully
434 [4924] INFO perfrun.launcher <> - plugin mrte has been added successfully
434 [4924] INFO perfrun.launcher <> - plugin emon has been added successfully
434 [4924] INFO perfrun.launcher <> - plugin cuscol has been added successfully
434 [4924] INFO perfrun.launcher <> - plugin stdsrc has been added successfully
434 [4924] INFO perfrun.launcher <> - plugin sep has been added successfully
435 [4924] INFO perfrun.launcher <> - plugin vtsspp has been added successfully
435 [4924] INFO perfrun.launcher <> - plugin  has been added successfully
441 [4924] INFO perfrun.launcher <> - plugin tpss has been added successfully
441 [4924] INFO perfrun.launcher <> - plugin exprof has been added successfully
441 [4924] INFO perfrun.launcher <> - plugin  has been added successfully
441 [4924] INFO perfrun.launcher <> - plugin  has been added successfully
441 [4924] INFO perfrun.launcher <> - plugin  has been added successfully
441 [4924] INFO perfrun.launcher <> - plugin  has been added successfully
442 [4924] INFO perfrun.launcher <> - plugin  has been added successfully
442 [4924] INFO perfrun.launcher <> - plugin power has been added successfully
444 [4924] INFO perfrun.launcher <> - the option was added --interval: Specify an interval of data collection (for example, sampling) in milliseconds.
444 [4924] INFO perfrun.launcher <> - the option was added --follow-child: Profile process with or without children.
444 [4924] INFO perfrun.launcher <> - the option was added --gelding: BADMSG: perfrun1.launcher.plugin_manager::gelding
445 [4924] INFO perfrun.launcher <> - the option was added --time-source: Specify time source for measurement. Possible values: sys - wall clock time; tsc - time stamp counter; ext - time from an external source; auto - auto select accurate time source.
445 [4924] INFO perfrun.launcher <> - the option was added --stack: Enable or disable collection of stacks.
445 [4924] INFO perfrun.launcher <> - the option was added --stack-stitching: Enable or disable the stack stitching algorithm for Intel TBB-based applications.
445 [4924] INFO perfrun.launcher <> - the option was added --type: Specify type of data to be collected. For example, --type cpu:counters,waiting:nostack,io.
445 [4924] INFO perfrun.launcher <> - the option was added --mrte-mode: Specify Java/.NET/other managed runtime collection mode. Possible values: native - collect information only for native code; managed - collect information only for managed code; mixed - collect information for both managed and native code; auto - choose the mode based on binary type.
445 [4924] INFO perfrun.launcher <> - the option was added --mrte-mode-list: List supported Java/.NET/other managed runtime collection modes.
446 [4924] INFO perfrun.launcher <> - the option was added --mrte-type: Specify which managed runtimes to collect. Possible values: java - collect information for Java; dotnet - collect information for .NET; python - collect information for CPython. You can specify several values separated by comma.
446 [4924] INFO perfrun.launcher <> - the option was added --mrte-type-list: List supported Java/.NET/other managed runtime types.
446 [4924] INFO perfrun.launcher <> - the option was added --trace-strategy: Specify how to profile a process tree. <string> can be "<process>:trace:notrace" - profile the process but do not profile its children. Shorthand parameters: t - trace, nt - notrace. For example, "vtunedemo.exe:t:t".
446 [4924] INFO perfrun.launcher <> - the option was added --collector: BADMSG: perfrun1.launcher.plugin_manager::collector
446 [4924] INFO perfrun.launcher <> - the option was added --system-wide: Enable system-wide profiling. This mode may require additional permissions.
447 [4924] INFO perfrun.launcher <> - the option was added --kvm-guest: Enable KVM guest OS profiling.
448 [4924] INFO perfrun.launcher <> - the option was added --kvm-guest-kallsyms: Specify a local path to the /proc/kallsyms file copied from the guest OS for proper symbol resolution.
448 [4924] INFO perfrun.launcher <> - the option was added --kvm-guest-modules: Specify a local path to the /proc/modules file copied from the guest OS for proper symbol resolution.
448 [4924] INFO perfrun.launcher <> - the option was added --bandwidth-limits: Measure bandwidth limits
448 [4924] INFO perfrun.launcher <> - the option was added --bandwidth-strategy: Bandwidth limits determination specific properties (example: --bandwidth-strategy array-size=0,duration=500).
448 [4924] INFO perfrun.launcher <> - the option was added --bandwidth-config: List of benchmarks to run.
448 [4924] INFO perfrun.launcher <> - the option was added --system-collector-config: Specify subcollectors. Possible values: all, vdso, container, device-info, none.
449 [4924] INFO perfrun.launcher <> - the option was added --itt-config: Specify a sub-set of ITT API to collect.
449 [4924] INFO perfrun.launcher <> - the option was added --itt-debug: Set pseudo-breakpoint at ITT API collector's start to enable the debugger to attach early.
449 [4924] INFO perfrun.launcher <> - the option was added --gpu-config: Specify types of GPU data to be collected. Possible values: preset1, preset2.
449 [4924] INFO perfrun.launcher <> - the option was added --gpu-debug: Enable self-testing of the GPGPU profiling collector.
449 [4924] INFO perfrun.launcher <> - the option was added --etw-config: Enable advanced collection of GPU data.
449 [4924] INFO perfrun.launcher <> - the option was added --custom-collector: Allows to provide arbitrary command line to be run on collection steps.
449 [4924] INFO perfrun.launcher <> - the option was added --stdsrc-config: Specify Standard Sources category tag(s).
450 [4924] INFO perfrun.launcher <> - the option was added --event-info: BADMSG: perfrun1.stdsrc::event-info
450 [4924] INFO perfrun.launcher <> - the option was added --cpu-list: List supported CPUs.
450 [4924] INFO perfrun.launcher <> - the option was added --target-list: List available targets for performing sampling collection.
450 [4924] INFO perfrun.launcher <> - the option was added --event-value-list: Display event information.
450 [4924] INFO perfrun.launcher <> - the option was added --platform-value-list: Display details of supported platforms.
451 [4924] INFO perfrun.launcher <> - the option was added --uncore-event-list: List uncore events for which a sampling data collection can be performed on this platform.
451 [4924] INFO perfrun.launcher <> - the option was added --modifier-list: Specify the event name <string> for which the modifiers list is requested.
451 [4924] INFO perfrun.launcher <> - the option was added --pmu-list: List supported PMUs.
451 [4924] INFO perfrun.launcher <> - the option was added --os-mode-only: Enable sampling data collection for OS-mode processes only.
451 [4924] INFO perfrun.launcher <> - the option was added --user-mode-only: Enable sampling data collection for user-mode processes only.
451 [4924] INFO perfrun.launcher <> - the option was added --event-config: Perform data collection for the events with <string> configured using the format <event name1>":modifier1=val:modifier2=val/constraint1={:modifier3=val:modifier4=val}...,"<event name2>":... Specify the events(s) to monitor and embed the event names within double quotes("). [:modifier=val] specifies individual event modifiers along with the respective values for a given platform. Note that the modifiers can be generic to an event as well as specific to a constraint (or an event qualifier). The constraint specific special modifiers appear after [/constraint=]. The modifiers can be in decimal or hexadecimal format. Only specific modifiers accept the value as a string. Each event specification is delimited by a comma (,). For a list of supported modifiers and constraints, refer to the documentation.
452 [4924] INFO perfrun.launcher <> - the option was added --chipset-event-config: Perform data collection for the chipset events with <string> configured using the format "<event name1>"...,"<event name2>":... Specify the events(s) to monitor and embed the event names within double quotes(").
452 [4924] INFO perfrun.launcher <> - the option was added --uncore-event-config: Perform uncore data collection in ebc count mode for the events with <string> configured using the format "<event name1>"...,"<event name2>":... Specify the events(s) to monitor and embed the event names within double quotes(").
452 [4924] INFO perfrun.launcher <> - the option was added --count: Enable counting mode.
452 [4924] INFO perfrun.launcher <> - the option was added --count-emon: Enable counting mode and output the data in EMON format.
452 [4924] INFO perfrun.launcher <> - the option was added --event-based-counts: Enable event-based counting mode. During sampling data collection, event counts data is collected for the list of events specified in -event-config option.
453 [4924] INFO perfrun.launcher <> - the option was added --event-mux-tfactor: Specify the event multiplexing tfactor as <integer> to set the length of the interval between interrupts. The larger the tfactor value, the larger the period between interrupts. Currently this option is only available on Intel platforms codenamed Knights Corner.
453 [4924] INFO perfrun.launcher <> - the option was added --uncore-sampling-interval: Specify the uncore sampling interval as <integer>. This value set the uncore sampling interval for all the uncore events specified in -event-config option.
453 [4924] INFO perfrun.launcher <> - the option was added --full-pebs-capture: Capture full pebs information.
453 [4924] INFO perfrun.launcher <> - the option was added --last-branch-records: Capture Last Branch Records information.
453 [4924] INFO perfrun.launcher <> - the option was added --pmu-type: Specify the targeted PMU name as <string>.
453 [4924] INFO perfrun.launcher <> - the option was added --platform-type: Specify the targeted platform number as <number>.
454 [4924] INFO perfrun.launcher <> - the option was added --p-state-trigger: Specify the name of the trigger event for P-state data as <string>. The default trigger is CPU_CLK_UNHALTED.REF_TSC.
454 [4924] INFO perfrun.launcher <> - the option was added --bts-count: Specify the <integer> number of BTS records collected after each sample or context switch (VTSS++ only).
454 [4924] INFO perfrun.launcher <> - the option was added --cpu-mask: Specify which CPU(s) <string> to collect data on. For example, specify "2-8,10,12-14" to sample only CPUs 2 through 8, 10, and 12 through 14.
454 [4924] INFO perfrun.launcher <> - the option was added --event-mux-alg: Specify the event multiplexing algorithm. Possible values: sequence, timer, trigger.
454 [4924] INFO perfrun.launcher <> - the option was added --event-mux-timeslice: Specify the event multiplexing time slice value as <integer>. The time slice specifies the duration between cycles for each event multiplexing group. The default value is 50 milliseconds. This option is valid only for timer-based event multiplexing. Specify the event multiplexing time slice value as <integer>. The time slice specifies the duration between cycles for each event multiplexing group. The default value is 1 millisecond. This option is valid only for timer-based event multiplexing.
454 [4924] INFO perfrun.launcher <> - the option was added --event-mux-factor: Specify the event multiplexing factor as <integer>. It controls the switching of event multiplexing groups. The default factor is 50. This option is valid only for trigger-based event multiplexing. Specify the event multiplexing factor as <integer>. It controls the switching of event multiplexing groups. The default factor is 1. This option is valid only for trigger-based event multiplexing.
455 [4924] INFO perfrun.launcher <> - the option was added --event-mux-trigger: Specify the name of the trigger event for event multiplexing as <string>. This option is valid only for trigger-based event multiplexing. The default trigger is CPU_CLK_UNHALTED.CORE (or CPU_CLK_UNHALTED.THREAD). BADMSG: perfrun1.vtsspp::event-mux-trigger
455 [4924] INFO perfrun.launcher <> - the option was added --sample-after-multiplier: Specify the sample after multiplier as <double>. This multiplier modifies the sample after value for all the events specified in -event-config option. The values can range from 0.1 to 100.0.
455 [4924] INFO perfrun.launcher <> - the option was added --sys-config: BADMSG: perfrun1.vtsspp::sys-config
455 [4924] INFO perfrun.launcher <> - the option was added --pt-mode: BADMSG: perfrun1.vtsspp::pt-mode
455 [4924] INFO perfrun.launcher <> - the option was added --stackwalk: Specify stack unwinding method. Possible value: lbr - unwind stacks during collection. Specify stack unwinding method. Possible values: online - unwind stacks during collection; offline - unwind stacks after collection is finished; lbr - enable LBR-based call stack collection. Specify stack unwinding method. Possible values: online - unwind stacks during collection; offline - unwind stacks after collection is finished.
456 [4924] INFO perfrun.launcher <> - the option was added --filter-include: Filter data during collection. Possible values: contended=<on|off> - filter out uncontended events; contended_nostack=<time> - filter out stacks for contended events that take less than <time> microseconds; wait=<time> - ignore transitions and blocks with wait time less than <time> microseconds; wait_nostack=<time> - filter out stacks for waits that take less than <time> microseconds.
456 [4924] INFO perfrun.launcher <> - the option was added --debug-pin: Debug PIN tool and runtime.
456 [4924] INFO perfrun.launcher <> - the option was added --debug-exception: Disallow the application to set own abnormal termination handler.
456 [4924] INFO perfrun.launcher <> - the option was added --trace-type: Specify the trace file granularity. Possible values: per-thread - per-thread trace file generation; per-process - per-process trace file generation.
456 [4924] INFO perfrun.launcher <> - the option was added --instrumentation-type: Specify type of instrumentation.
456 [4924] INFO perfrun.launcher <> - the option was added --guard-pulse-event: Enable handling of PulseEvent API in order not to miss signals made by the API during Hotspots collection.
457 [4924] INFO perfrun.launcher <> - the option was added --memory-strategy: Specify a minimal memory object size to be traced and a hash table size for faster objects search; for example: --memory-strategy obj-size-min=1024,hash-table-size=4096.
457 [4924] INFO perfrun.launcher <> - the option was added --opencl-trace-mode: Specify OpenCL kernel tracing modes: 'default' to trace OpenCL kernels for Intel Graphics Driver only; 'epoch' for any non-Intel graphics, where OpenCL kernels will be traced and OpenCL profiling API timestamps will be interpreted as Unux Epoch time in nanoseconds; 'completion' to trace OpenCL kernels for any Graphics Driver and bind OpenCL profiling API timestamps to the timestamp of OpenCL completion callback.
457 [4924] INFO perfrun.launcher <> - the option was added --exprof-com-list: List available COM ports.
457 [4924] INFO perfrun.launcher <> - the option was added --exprof-dvc-list: List available DvC IDs.
457 [4924] INFO perfrun.launcher <> - the option was added --exprof-trace-channel: BADMSG: perfrun1.exprof::exprof-trace-channel
458 [4924] INFO perfrun.launcher <> - the option was added --exprof-event-config: Specify ExactProfiling Event Classes.
458 [4924] INFO perfrun.launcher <> - the option was added --pwr-config: BADMSG: perfrun1.vtsspp::pwr-config Specify power metrics configuration.
458 [4924] INFO perfrun.launcher <> - the option was added --socwatch-dir: Specify a directory where Intel SoC Watch collector is installed.
464 [4924] INFO perfrun.launcher <> - create msngr2::ICliToolContext
465 [4924] WARN perfrun.launcher <> - The same value is already set for this option. This value is ignored., at file: C:\BB\INNLphep2w6r\b\b\tmp0reb9v\vcs\perfrun1\launcher\src\configuration.cpp:808
465 [4924] INFO perfrun.launcher <> - create file finder object
466 [4924] INFO perfrun.launcher <> - create a result directory: pattern = C:\Users\serge\source\repos\ThirdLab\ThirdLab\My Amplifier Results - ThirdLab\r003hs pid = 4294967295
535 [4924] INFO perfrun.launcher <> - create data directory = C:\Users\serge\source\repos\ThirdLab\ThirdLab\My Amplifier Results - ThirdLab\r003hs\data.0
538 [4924] INFO perfrun.launcher <> - Creating the master collection flag
572 [4924] INFO perfrun.launcher <> - Done creating the master collection flag
572 [12676] INFO perfrun.launcher <> - plugin [remoteplug] was disabled because it doesn't support the given collection type.
573 [12676] INFO perfrun.sdk <> - Allocating TMU :C:\Users\serge\source\repos\ThirdLab\ThirdLab\My Amplifier Results - ThirdLab\r003hs\data.0\systemcollector-16056-DESKTOP-5NSJHI4.sc
585 [12676] INFO perfrun.launcher <> - plugin [] was disabled because it doesn't support the given collection type.
585 [12676] INFO perfrun.launcher <> - plugin [gpu] was disabled because it doesn't support the given collection type.
585 [12676] INFO perfrun.launcher <> - plugin [etw.kernel] was disabled because it doesn't support the given collection type.
585 [12676] INFO perfrun.launcher <> - plugin [etw.dx] was disabled because it doesn't support the given collection type.
585 [12676] INFO perfrun.launcher <> - plugin [etw.wsa] was disabled because it doesn't support the given collection type.
586 [12676] INFO perfrun.mrte <> - Getting  mrte profiling environment ...
727 [12676] INFO perfrun.mrte <> - INTEL_MRTE_DATA_DIR=C:\Users\serge\source\repos\ThirdLab\ThirdLab\My Amplifier Results - ThirdLab\r003hs\data.0
727 [12676] INFO perfrun.mrte <> - INTEL_MRTE_HOST_NAME=DESKTOP-5NSJHI4
727 [12676] INFO perfrun.mrte <> - JAVA_TOOL_OPTIONS=-agentlib:amplxe_samplingmrte_javaprof_1.0
727 [12676] INFO perfrun.mrte <> - COR_ENABLE_PROFILING=1
727 [12676] INFO perfrun.mrte <> - COR_PROFILER={AA5E4821-E3B1-479c-B7FF-5AD047D22CED}
727 [12676] INFO perfrun.mrte <> - COMPLUS_ProfAPI_ProfilerCompatibilitySetting=EnableV2Profiler
727 [12676] INFO perfrun.mrte <> - CORECLR_ENABLE_PROFILING=1
727 [12676] INFO perfrun.mrte <> - CORECLR_PROFILER={AA5E4821-E3B1-479c-B7FF-5AD047D22CED}
727 [12676] INFO perfrun.mrte <> - CORECLR_PROFILER_PATH=C:\Program Files (x86)\IntelSWTools\VTune Amplifier 2019\bin64/amplxe_samplingmrte_clrprof_1.0.dll
727 [12676] INFO perfrun.mrte <> - INTEL_MRTE_PROFILER_MODE=mixed
727 [12676] INFO perfrun.mrte <> - Data directory: C:\Users\serge\source\repos\ThirdLab\ThirdLab\My Amplifier Results - ThirdLab\r003hs\data.0
728 [12676] INFO perfrun.mrte <> - Mrte plugin is initialized
728 [12676] INFO perfrun.launcher <> - plugin [emon] was disabled because it doesn't support the given collection type.
728 [12676] INFO perfrun.launcher <> - plugin [cuscol] was disabled because it doesn't support the given collection type.
728 [12676] INFO perfrun.launcher <> - plugin [stdsrc] was disabled because it doesn't support the given collection type.
729 [12676] INFO perfrun.sepdk <> - "C:\Program Files (x86)\IntelSWTools\VTune Amplifier 2019\bin64\sep.exe" -dry-run -ec CPU_CLK_UNHALTED.THREAD:sa=2200000,CPU_CLK_UNHALTED.REF_TSC:sa=2200000,INST_RETIRED.ANY:sa=2200000,CPU_CLK_UNHALTED.REF_XCLK:sa=100003,CPU_CLK_UNHALTED.ONE_THREAD_ACTIVE:sa=100003,UOPS_RETIRED.RETIRE_SLOTS:sa=2000003,FP_ARITH_INST_RETIRED.SCALAR_SINGLE:sa=2000003,FP_ARITH_INST_RETIRED.128B_PACKED_SINGLE:sa=2000003,FP_ARITH_INST_RETIRED.256B_PACKED_SINGLE:sa=2000003,FP_ARITH_INST_RETIRED.SCALAR_DOUBLE:sa=2000003,FP_ARITH_INST_RETIRED.128B_PACKED_DOUBLE:sa=2000003,FP_ARITH_INST_RETIRED.256B_PACKED_DOUBLE:sa=2000003,INST_RETIRED.X87:sa=2000003 -experimental
853 [12676] INFO perfrun.launcher <> - plugin [vtsspp] was disabled because it doesn't support the given collection type.
854 [12676] INFO perfrun.launcher <> - plugin [] was disabled because it doesn't support the given collection type.
854 [12676] INFO perfrun.tpss <> - initialize tpss controller
854 [12676] INFO perfrun.launcher <> - plugin [tpss] was disabled because it doesn't support the given collection type.
854 [12676] INFO perfrun.launcher <> - plugin [exprof] was disabled because it doesn't support the given collection type.
854 [12676] INFO perfrun.launcher <> - plugin [] was disabled because it doesn't support the given collection type.
854 [12676] INFO perfrun.launcher <> - plugin [] was disabled because it doesn't support the given collection type.
854 [12676] INFO perfrun.launcher <> - plugin [] was disabled because it doesn't support the given collection type.
854 [12676] INFO perfrun.launcher <> - plugin [] was disabled because it doesn't support the given collection type.
854 [12676] INFO perfrun.launcher <> - plugin [] was disabled because it doesn't support the given collection type.
854 [12676] INFO perfrun.launcher <> - plugin [power] was disabled because it doesn't support the given collection type.
854 [4924] INFO perfrun.launcher <> - set environment variable: PATH = C:\Program Files (x86)\IntelSWTools\VTune Amplifier 2019\bin32\runtime;C:\Program Files (x86)\IntelSWTools\VTune Amplifier 2019\bin64\runtime;C:\Program Files (x86)\Common Files\Oracle\Java\javapath;C:\ProgramData\Oracle\Java\javapath;C:\WINDOWS\system32;C:\WINDOWS;C:\WINDOWS\System32\Wbem;C:\WINDOWS\System32\WindowsPowerShell\v1.0\;C:\Program Files\Git\cmd;C:\Program Files\dotnet\;C:\WINDOWS\System32\OpenSSH\;c:\quartus\quartus\bin;C:\Program Files\nodejs\;C:\Python37-64\Scripts\;C:\Python37-64\;C:\Users\serge\AppData\Local\Microsoft\WindowsApps;C:\Users\serge\AppData\Roaming\npm;C:\Users\serge\AppData\Local\Programs\Microsoft VS Code\bin;C:\Program Files\JetBrains\PyCharm Community Edition 2018.3.4\bin;C:\Users\serge\AppData\Local\GitHubDesktop\bin
854 [4924] INFO perfrun.launcher <> - set environment variable: INTEL_LIBITTNOTIFY32 = C:\Program Files (x86)\IntelSWTools\VTune Amplifier 2019\bin32\runtime\ittnotify_collector.dll
855 [4924] INFO perfrun.launcher <> - set environment variable: INTEL_LIBITTNOTIFY64 = C:\Program Files (x86)\IntelSWTools\VTune Amplifier 2019\bin64\runtime\ittnotify_collector.dll
855 [4924] INFO perfrun.launcher <> - set environment variable: INTEL_ITTNOTIFY_GROUPS = 
855 [4924] INFO perfrun.launcher <> - set environment variable: INTEL_JIT_PROFILER32 = C:\Program Files (x86)\IntelSWTools\VTune Amplifier 2019\bin32\runtime\ittnotify_collector.dll
855 [4924] INFO perfrun.launcher <> - set environment variable: INTEL_JIT_PROFILER64 = C:\Program Files (x86)\IntelSWTools\VTune Amplifier 2019\bin64\runtime\ittnotify_collector.dll
855 [4924] INFO perfrun.launcher <> - set environment variable: VS_PROFILER = ittnotify_collector.dll
856 [4924] INFO perfrun.launcher <> - set environment variable: ENABLE_JITPROFILING = 1
856 [4924] INFO perfrun.launcher <> - set environment variable: CL_CONFIG_USE_VTUNE = True
856 [4924] INFO perfrun.launcher <> - set environment variable: __OCL_MIC_INTEL_LIBITTNOTIFY64 = /amplxe/results/libittnotify_collector.so
856 [4924] INFO perfrun.launcher <> - set environment variable: __OCL_MIC_INTEL_JIT_PROFILER64 = /amplxe/results/libittnotify_collector.so
856 [4924] INFO perfrun.launcher <> - set environment variable: KMP_FORKJOIN_FRAMES = 0
857 [4924] INFO perfrun.launcher <> - set environment variable: KMP_FORKJOIN_FRAMES_MODE = 0
857 [4924] INFO perfrun.launcher <> - set environment variable: INTEL_MRTE_DATA_DIR = C:\Users\serge\source\repos\ThirdLab\ThirdLab\My Amplifier Results - ThirdLab\r003hs\data.0
857 [4924] INFO perfrun.launcher <> - set environment variable: INTEL_MRTE_HOST_NAME = DESKTOP-5NSJHI4
857 [4924] INFO perfrun.launcher <> - set environment variable: JAVA_TOOL_OPTIONS = -agentlib:amplxe_samplingmrte_javaprof_1.0
857 [4924] INFO perfrun.launcher <> - set environment variable: COR_ENABLE_PROFILING = 1
857 [4924] INFO perfrun.launcher <> - set environment variable: COR_PROFILER = {AA5E4821-E3B1-479c-B7FF-5AD047D22CED}
857 [4924] INFO perfrun.launcher <> - set environment variable: COMPLUS_ProfAPI_ProfilerCompatibilitySetting = EnableV2Profiler
857 [4924] INFO perfrun.launcher <> - set environment variable: CORECLR_ENABLE_PROFILING = 1
858 [4924] INFO perfrun.launcher <> - set environment variable: CORECLR_PROFILER = {AA5E4821-E3B1-479c-B7FF-5AD047D22CED}
858 [4924] INFO perfrun.launcher <> - set environment variable: CORECLR_PROFILER_PATH = C:\Program Files (x86)\IntelSWTools\VTune Amplifier 2019\bin64/amplxe_samplingmrte_clrprof_1.0.dll
858 [4924] INFO perfrun.launcher <> - set environment variable: INTEL_MRTE_PROFILER_MODE = mixed
858 [4924] INFO perfrun.launcher <> - RpcServer: run RPC server to handle requests
872 [4924] INFO perfrun.sdk <> - IProcessUtil: the given executable 'C:\Users\serge\source\repos\ThirdLab\x64\Release\ThirdLab.exe' is valid.
872 [4924] INFO perfrun.launcher <> - Launcher: command line to start before modification = C:\Users\serge\source\repos\ThirdLab\x64\Release\ThirdLab.exe
872 [4924] INFO perfrun.launcher <> - Launcher: command line to start after modification = C:\Users\serge\source\repos\ThirdLab\x64\Release\ThirdLab.exe
872 [4924] INFO perfrun.launcher <> - ProcessCreator object was created
888 [4924] INFO perfrun.launcher <> - Launcher: the process was started in suspend mode
1114 [12676] INFO perfrun.system <> - OpenCL gpu adapter vendor Id 4098
1114 [12676] INFO perfrun.system <> - OpenCL gpu adapter vendor Id 32902
1115 [12676] INFO perfrun.itt <> - start itt controller for pid #13720
1116 [12676] INFO perfrun.sepdk <> - called: "C:\Program Files (x86)\IntelSWTools\VTune Amplifier 2019\bin64\sep.exe" -start -experimental -uem timer=10 -p-state trigger=CPU_CLK_UNHALTED.REF_TSC -out "C:\Users\serge\source\repos\ThirdLab\ThirdLab\My Amplifier Results - ThirdLab\r003hs\data.0\sep3184.20190314T170321.725381" -ec INST_RETIRED.ANY:sa=2200000,CPU_CLK_UNHALTED.THREAD:sa=2200000,CPU_CLK_UNHALTED.REF_TSC:sa=2200000,CPU_CLK_UNHALTED.REF_XCLK:sa=100003,CPU_CLK_UNHALTED.ONE_THREAD_ACTIVE:sa=100003,UOPS_RETIRED.RETIRE_SLOTS:sa=2000003,FP_ARITH_INST_RETIRED.SCALAR_SINGLE:sa=2000003,FP_ARITH_INST_RETIRED.128B_PACKED_SINGLE:sa=2000003,FP_ARITH_INST_RETIRED.256B_PACKED_SINGLE:sa=2000003,FP_ARITH_INST_RETIRED.SCALAR_DOUBLE:sa=2000003,FP_ARITH_INST_RETIRED.128B_PACKED_DOUBLE:sa=2000003,FP_ARITH_INST_RETIRED.256B_PACKED_DOUBLE:sa=2000003,INST_RETIRED.X87:sa=2000003, -d 0 -uem factor=10
2133 [4924] INFO perfrun.launcher <> - Launcher: all plugins were started
2134 [4924] INFO perfrun.launcher <> - DirectoryMonitor object was created
2136 [4924] INFO perfrun.launcher <> - DirectoryMonitor: a callback was added
2136 [4924] INFO perfrun.launcher <> - DirectoryMonitor was started with pingTime = 1000
2137 [4924] INFO perfrun.launcher <> - DeadlineTimer is going to be constructed
2138 [4924] INFO perfrun.launcher <> - DeadlineTimer: a callback was added
2184 [4924] INFO perfrun.launcher <> - Launcher: resume the profiled application and  wait its termination or stop command
2895 [4924] INFO perfrun.launcher <> - Launcher: the profiled application was terminated  with exit code = -1073741819
2923 [12676] INFO perfrun.itt <> - stop itt controller
2923 [12676] INFO perfrun.itt <> - detach itt controller
2923 [12676] INFO perfrun.sepdk <> - called: "C:\Program Files (x86)\IntelSWTools\VTune Amplifier 2019\bin64\sep.exe" -stop
4188 [12676] INFO perfrun.sepdk <> - Sampling successfully stopped.

4188 [12676] INFO perfrun.sdk <> - De-allocating TMU: C:\Users\serge\source\repos\ThirdLab\ThirdLab\My Amplifier Results - ThirdLab\r003hs\data.0\systemcollector-16056-DESKTOP-5NSJHI4.sc
4199 [12676] INFO perfrun.system <> - closed the system trace file: C:\Users\serge\source\repos\ThirdLab\ThirdLab\My Amplifier Results - ThirdLab\r003hs\data.0\systemcollector-16056-DESKTOP-5NSJHI4.sc
4199 [4924] INFO perfrun.launcher <> - Launcher: all plugins were stopped.
4200 [4924] INFO perfrun.launcher <> - DeadlineTimer is going to be destroyed
4200 [4924] INFO perfrun.launcher <> - DirectoryMonitor object was destroyed
4200 [4924] WARN perfrun.launcher <> - Stop command is ignored because it is received when collection is already stopped, at file: C:\BB\INNLphep2w6r\b\b\tmp0reb9v\vcs\perfrun1\launcher\src\command_handler.cpp:212
4205 [4924] INFO perfrun.launcher <> - Application exit code: -1073741819
4205 [4924] INFO perfrun.launcher <> - Exit code: 4
