263 [4468] INFO perfrun.launcher <> - Launcher main begin
270 [4468] INFO perfrun.launcher <> - MessageCatalogInit finished
270 [4468] INFO perfrun.launcher <> - Launcher instance created
270 [4468] INFO perfrun.launcher <> - argc = 7; cmdline = C:\Program Files (x86)\IntelSWTools\VTune Amplifier 2019\bin64\amplxe-runss.exe --ui-output-format xml --ui-output-fd 5452 --option-file C:\Users\serge\source\repos\ThirdLab\ThirdLab\My Amplifier Results - ThirdLab\r001macc\config\runsa.options 
383 [4468] INFO perfrun.launcher <> - New signal handler callback was added
417 [4468] INFO perfrun.launcher <> - plugin remoteplug has been added successfully
417 [4468] INFO perfrun.launcher <> - plugin system has been added successfully
418 [4468] INFO perfrun.launcher <> - plugin itt has been added successfully
418 [4468] INFO perfrun.launcher <> - plugin  has been added successfully
418 [4468] INFO perfrun.launcher <> - plugin gpu has been added successfully
418 [4468] INFO perfrun.launcher <> - plugin etw.kernel has been added successfully
418 [4468] INFO perfrun.launcher <> - plugin etw.dx has been added successfully
418 [4468] INFO perfrun.launcher <> - plugin etw.wsa has been added successfully
418 [4468] INFO perfrun.launcher <> - plugin mrte has been added successfully
418 [4468] INFO perfrun.launcher <> - plugin emon has been added successfully
418 [4468] INFO perfrun.launcher <> - plugin cuscol has been added successfully
419 [4468] INFO perfrun.launcher <> - plugin stdsrc has been added successfully
419 [4468] INFO perfrun.launcher <> - plugin sep has been added successfully
420 [4468] INFO perfrun.launcher <> - plugin vtsspp has been added successfully
420 [4468] INFO perfrun.launcher <> - plugin  has been added successfully
434 [4468] INFO perfrun.launcher <> - plugin tpss has been added successfully
435 [4468] INFO perfrun.launcher <> - plugin exprof has been added successfully
435 [4468] INFO perfrun.launcher <> - plugin  has been added successfully
436 [4468] INFO perfrun.launcher <> - plugin  has been added successfully
436 [4468] INFO perfrun.launcher <> - plugin  has been added successfully
436 [4468] INFO perfrun.launcher <> - plugin  has been added successfully
436 [4468] INFO perfrun.launcher <> - plugin  has been added successfully
436 [4468] INFO perfrun.launcher <> - plugin power has been added successfully
443 [4468] INFO perfrun.launcher <> - the option was added --interval: Specify an interval of data collection (for example, sampling) in milliseconds.
443 [4468] INFO perfrun.launcher <> - the option was added --follow-child: Profile process with or without children.
443 [4468] INFO perfrun.launcher <> - the option was added --gelding: BADMSG: perfrun1.launcher.plugin_manager::gelding
443 [4468] INFO perfrun.launcher <> - the option was added --time-source: Specify time source for measurement. Possible values: sys - wall clock time; tsc - time stamp counter; ext - time from an external source; auto - auto select accurate time source.
443 [4468] INFO perfrun.launcher <> - the option was added --stack: Enable or disable collection of stacks.
443 [4468] INFO perfrun.launcher <> - the option was added --stack-stitching: Enable or disable the stack stitching algorithm for Intel TBB-based applications.
444 [4468] INFO perfrun.launcher <> - the option was added --type: Specify type of data to be collected. For example, --type cpu:counters,waiting:nostack,io.
444 [4468] INFO perfrun.launcher <> - the option was added --mrte-mode: Specify Java/.NET/other managed runtime collection mode. Possible values: native - collect information only for native code; managed - collect information only for managed code; mixed - collect information for both managed and native code; auto - choose the mode based on binary type.
444 [4468] INFO perfrun.launcher <> - the option was added --mrte-mode-list: List supported Java/.NET/other managed runtime collection modes.
445 [4468] INFO perfrun.launcher <> - the option was added --mrte-type: Specify which managed runtimes to collect. Possible values: java - collect information for Java; dotnet - collect information for .NET; python - collect information for CPython. You can specify several values separated by comma.
445 [4468] INFO perfrun.launcher <> - the option was added --mrte-type-list: List supported Java/.NET/other managed runtime types.
445 [4468] INFO perfrun.launcher <> - the option was added --trace-strategy: Specify how to profile a process tree. <string> can be "<process>:trace:notrace" - profile the process but do not profile its children. Shorthand parameters: t - trace, nt - notrace. For example, "vtunedemo.exe:t:t".
445 [4468] INFO perfrun.launcher <> - the option was added --collector: BADMSG: perfrun1.launcher.plugin_manager::collector
445 [4468] INFO perfrun.launcher <> - the option was added --system-wide: Enable system-wide profiling. This mode may require additional permissions.
446 [4468] INFO perfrun.launcher <> - the option was added --kvm-guest: Enable KVM guest OS profiling.
446 [4468] INFO perfrun.launcher <> - the option was added --kvm-guest-kallsyms: Specify a local path to the /proc/kallsyms file copied from the guest OS for proper symbol resolution.
446 [4468] INFO perfrun.launcher <> - the option was added --kvm-guest-modules: Specify a local path to the /proc/modules file copied from the guest OS for proper symbol resolution.
446 [4468] INFO perfrun.launcher <> - the option was added --bandwidth-limits: Measure bandwidth limits
446 [4468] INFO perfrun.launcher <> - the option was added --bandwidth-strategy: Bandwidth limits determination specific properties (example: --bandwidth-strategy array-size=0,duration=500).
447 [4468] INFO perfrun.launcher <> - the option was added --bandwidth-config: List of benchmarks to run.
447 [4468] INFO perfrun.launcher <> - the option was added --system-collector-config: Specify subcollectors. Possible values: all, vdso, container, device-info, none.
447 [4468] INFO perfrun.launcher <> - the option was added --itt-config: Specify a sub-set of ITT API to collect.
447 [4468] INFO perfrun.launcher <> - the option was added --itt-debug: Set pseudo-breakpoint at ITT API collector's start to enable the debugger to attach early.
447 [4468] INFO perfrun.launcher <> - the option was added --gpu-config: Specify types of GPU data to be collected. Possible values: preset1, preset2.
447 [4468] INFO perfrun.launcher <> - the option was added --gpu-debug: Enable self-testing of the GPGPU profiling collector.
448 [4468] INFO perfrun.launcher <> - the option was added --etw-config: Enable advanced collection of GPU data.
448 [4468] INFO perfrun.launcher <> - the option was added --custom-collector: Allows to provide arbitrary command line to be run on collection steps.
448 [4468] INFO perfrun.launcher <> - the option was added --stdsrc-config: Specify Standard Sources category tag(s).
448 [4468] INFO perfrun.launcher <> - the option was added --event-info: BADMSG: perfrun1.stdsrc::event-info
448 [4468] INFO perfrun.launcher <> - the option was added --cpu-list: List supported CPUs.
449 [4468] INFO perfrun.launcher <> - the option was added --target-list: List available targets for performing sampling collection.
449 [4468] INFO perfrun.launcher <> - the option was added --event-value-list: Display event information.
449 [4468] INFO perfrun.launcher <> - the option was added --platform-value-list: Display details of supported platforms.
449 [4468] INFO perfrun.launcher <> - the option was added --uncore-event-list: List uncore events for which a sampling data collection can be performed on this platform.
449 [4468] INFO perfrun.launcher <> - the option was added --modifier-list: Specify the event name <string> for which the modifiers list is requested.
450 [4468] INFO perfrun.launcher <> - the option was added --pmu-list: List supported PMUs.
450 [4468] INFO perfrun.launcher <> - the option was added --os-mode-only: Enable sampling data collection for OS-mode processes only.
450 [4468] INFO perfrun.launcher <> - the option was added --user-mode-only: Enable sampling data collection for user-mode processes only.
450 [4468] INFO perfrun.launcher <> - the option was added --event-config: Perform data collection for the events with <string> configured using the format <event name1>":modifier1=val:modifier2=val/constraint1={:modifier3=val:modifier4=val}...,"<event name2>":... Specify the events(s) to monitor and embed the event names within double quotes("). [:modifier=val] specifies individual event modifiers along with the respective values for a given platform. Note that the modifiers can be generic to an event as well as specific to a constraint (or an event qualifier). The constraint specific special modifiers appear after [/constraint=]. The modifiers can be in decimal or hexadecimal format. Only specific modifiers accept the value as a string. Each event specification is delimited by a comma (,). For a list of supported modifiers and constraints, refer to the documentation.
451 [4468] INFO perfrun.launcher <> - the option was added --chipset-event-config: Perform data collection for the chipset events with <string> configured using the format "<event name1>"...,"<event name2>":... Specify the events(s) to monitor and embed the event names within double quotes(").
451 [4468] INFO perfrun.launcher <> - the option was added --uncore-event-config: Perform uncore data collection in ebc count mode for the events with <string> configured using the format "<event name1>"...,"<event name2>":... Specify the events(s) to monitor and embed the event names within double quotes(").
451 [4468] INFO perfrun.launcher <> - the option was added --count: Enable counting mode.
452 [4468] INFO perfrun.launcher <> - the option was added --count-emon: Enable counting mode and output the data in EMON format.
452 [4468] INFO perfrun.launcher <> - the option was added --event-based-counts: Enable event-based counting mode. During sampling data collection, event counts data is collected for the list of events specified in -event-config option.
452 [4468] INFO perfrun.launcher <> - the option was added --event-mux-tfactor: Specify the event multiplexing tfactor as <integer> to set the length of the interval between interrupts. The larger the tfactor value, the larger the period between interrupts. Currently this option is only available on Intel platforms codenamed Knights Corner.
452 [4468] INFO perfrun.launcher <> - the option was added --uncore-sampling-interval: Specify the uncore sampling interval as <integer>. This value set the uncore sampling interval for all the uncore events specified in -event-config option.
452 [4468] INFO perfrun.launcher <> - the option was added --full-pebs-capture: Capture full pebs information.
453 [4468] INFO perfrun.launcher <> - the option was added --last-branch-records: Capture Last Branch Records information.
453 [4468] INFO perfrun.launcher <> - the option was added --pmu-type: Specify the targeted PMU name as <string>.
453 [4468] INFO perfrun.launcher <> - the option was added --platform-type: Specify the targeted platform number as <number>.
453 [4468] INFO perfrun.launcher <> - the option was added --p-state-trigger: Specify the name of the trigger event for P-state data as <string>. The default trigger is CPU_CLK_UNHALTED.REF_TSC.
453 [4468] INFO perfrun.launcher <> - the option was added --bts-count: Specify the <integer> number of BTS records collected after each sample or context switch (VTSS++ only).
453 [4468] INFO perfrun.launcher <> - the option was added --cpu-mask: Specify which CPU(s) <string> to collect data on. For example, specify "2-8,10,12-14" to sample only CPUs 2 through 8, 10, and 12 through 14.
454 [4468] INFO perfrun.launcher <> - the option was added --event-mux-alg: Specify the event multiplexing algorithm. Possible values: sequence, timer, trigger.
454 [4468] INFO perfrun.launcher <> - the option was added --event-mux-timeslice: Specify the event multiplexing time slice value as <integer>. The time slice specifies the duration between cycles for each event multiplexing group. The default value is 50 milliseconds. This option is valid only for timer-based event multiplexing. Specify the event multiplexing time slice value as <integer>. The time slice specifies the duration between cycles for each event multiplexing group. The default value is 1 millisecond. This option is valid only for timer-based event multiplexing.
454 [4468] INFO perfrun.launcher <> - the option was added --event-mux-factor: Specify the event multiplexing factor as <integer>. It controls the switching of event multiplexing groups. The default factor is 50. This option is valid only for trigger-based event multiplexing. Specify the event multiplexing factor as <integer>. It controls the switching of event multiplexing groups. The default factor is 1. This option is valid only for trigger-based event multiplexing.
454 [4468] INFO perfrun.launcher <> - the option was added --event-mux-trigger: Specify the name of the trigger event for event multiplexing as <string>. This option is valid only for trigger-based event multiplexing. The default trigger is CPU_CLK_UNHALTED.CORE (or CPU_CLK_UNHALTED.THREAD). BADMSG: perfrun1.vtsspp::event-mux-trigger
455 [4468] INFO perfrun.launcher <> - the option was added --sample-after-multiplier: Specify the sample after multiplier as <double>. This multiplier modifies the sample after value for all the events specified in -event-config option. The values can range from 0.1 to 100.0.
455 [4468] INFO perfrun.launcher <> - the option was added --sys-config: BADMSG: perfrun1.vtsspp::sys-config
455 [4468] INFO perfrun.launcher <> - the option was added --pt-mode: BADMSG: perfrun1.vtsspp::pt-mode
456 [4468] INFO perfrun.launcher <> - the option was added --stackwalk: Specify stack unwinding method. Possible value: lbr - unwind stacks during collection. Specify stack unwinding method. Possible values: online - unwind stacks during collection; offline - unwind stacks after collection is finished; lbr - enable LBR-based call stack collection. Specify stack unwinding method. Possible values: online - unwind stacks during collection; offline - unwind stacks after collection is finished.
456 [4468] INFO perfrun.launcher <> - the option was added --filter-include: Filter data during collection. Possible values: contended=<on|off> - filter out uncontended events; contended_nostack=<time> - filter out stacks for contended events that take less than <time> microseconds; wait=<time> - ignore transitions and blocks with wait time less than <time> microseconds; wait_nostack=<time> - filter out stacks for waits that take less than <time> microseconds.
457 [4468] INFO perfrun.launcher <> - the option was added --debug-pin: Debug PIN tool and runtime.
458 [4468] INFO perfrun.launcher <> - the option was added --debug-exception: Disallow the application to set own abnormal termination handler.
458 [4468] INFO perfrun.launcher <> - the option was added --trace-type: Specify the trace file granularity. Possible values: per-thread - per-thread trace file generation; per-process - per-process trace file generation.
458 [4468] INFO perfrun.launcher <> - the option was added --instrumentation-type: Specify type of instrumentation.
459 [4468] INFO perfrun.launcher <> - the option was added --guard-pulse-event: Enable handling of PulseEvent API in order not to miss signals made by the API during Hotspots collection.
459 [4468] INFO perfrun.launcher <> - the option was added --memory-strategy: Specify a minimal memory object size to be traced and a hash table size for faster objects search; for example: --memory-strategy obj-size-min=1024,hash-table-size=4096.
459 [4468] INFO perfrun.launcher <> - the option was added --opencl-trace-mode: Specify OpenCL kernel tracing modes: 'default' to trace OpenCL kernels for Intel Graphics Driver only; 'epoch' for any non-Intel graphics, where OpenCL kernels will be traced and OpenCL profiling API timestamps will be interpreted as Unux Epoch time in nanoseconds; 'completion' to trace OpenCL kernels for any Graphics Driver and bind OpenCL profiling API timestamps to the timestamp of OpenCL completion callback.
459 [4468] INFO perfrun.launcher <> - the option was added --exprof-com-list: List available COM ports.
459 [4468] INFO perfrun.launcher <> - the option was added --exprof-dvc-list: List available DvC IDs.
460 [4468] INFO perfrun.launcher <> - the option was added --exprof-trace-channel: BADMSG: perfrun1.exprof::exprof-trace-channel
460 [4468] INFO perfrun.launcher <> - the option was added --exprof-event-config: Specify ExactProfiling Event Classes.
460 [4468] INFO perfrun.launcher <> - the option was added --pwr-config: BADMSG: perfrun1.vtsspp::pwr-config Specify power metrics configuration.
460 [4468] INFO perfrun.launcher <> - the option was added --socwatch-dir: Specify a directory where Intel SoC Watch collector is installed.
469 [4468] INFO perfrun.launcher <> - create msngr2::ICliToolContext
471 [4468] INFO perfrun.launcher <> - create file finder object
471 [4468] INFO perfrun.launcher <> - create a result directory: pattern = C:\Users\serge\source\repos\ThirdLab\ThirdLab\My Amplifier Results - ThirdLab\r001macc pid = 4294967295
496 [4468] INFO perfrun.launcher <> - create data directory = C:\Users\serge\source\repos\ThirdLab\ThirdLab\My Amplifier Results - ThirdLab\r001macc\data.0
498 [4468] INFO perfrun.launcher <> - Creating the master collection flag
515 [4468] INFO perfrun.launcher <> - Done creating the master collection flag
515 [8500] INFO perfrun.launcher <> - plugin [remoteplug] was disabled because it doesn't support the given collection type.
527 [8500] INFO perfrun.sdk <> - Allocating TMU :C:\Users\serge\source\repos\ThirdLab\ThirdLab\My Amplifier Results - ThirdLab\r001macc\data.0\systemcollector-8608-DESKTOP-5NSJHI4.sc
534 [8500] INFO perfrun.launcher <> - plugin [] was disabled because it doesn't support the given collection type.
534 [8500] INFO perfrun.launcher <> - plugin [gpu] was disabled because it doesn't support the given collection type.
534 [8500] INFO perfrun.launcher <> - plugin [etw.kernel] was disabled because it doesn't support the given collection type.
534 [8500] INFO perfrun.launcher <> - plugin [etw.dx] was disabled because it doesn't support the given collection type.
534 [8500] INFO perfrun.launcher <> - plugin [etw.wsa] was disabled because it doesn't support the given collection type.
535 [8500] INFO perfrun.mrte <> - Getting  mrte profiling environment ...
766 [8500] INFO perfrun.mrte <> - INTEL_MRTE_DATA_DIR=C:\Users\serge\source\repos\ThirdLab\ThirdLab\My Amplifier Results - ThirdLab\r001macc\data.0
766 [8500] INFO perfrun.mrte <> - INTEL_MRTE_HOST_NAME=DESKTOP-5NSJHI4
766 [8500] INFO perfrun.mrte <> - JAVA_TOOL_OPTIONS=-agentlib:amplxe_samplingmrte_javaprof_1.0
766 [8500] INFO perfrun.mrte <> - COR_ENABLE_PROFILING=1
766 [8500] INFO perfrun.mrte <> - COR_PROFILER={AA5E4821-E3B1-479c-B7FF-5AD047D22CED}
766 [8500] INFO perfrun.mrte <> - COMPLUS_ProfAPI_ProfilerCompatibilitySetting=EnableV2Profiler
766 [8500] INFO perfrun.mrte <> - CORECLR_ENABLE_PROFILING=1
766 [8500] INFO perfrun.mrte <> - CORECLR_PROFILER={AA5E4821-E3B1-479c-B7FF-5AD047D22CED}
766 [8500] INFO perfrun.mrte <> - CORECLR_PROFILER_PATH=C:\Program Files (x86)\IntelSWTools\VTune Amplifier 2019\bin64/amplxe_samplingmrte_clrprof_1.0.dll
767 [8500] INFO perfrun.mrte <> - INTEL_MRTE_PROFILER_MODE=mixed
767 [8500] INFO perfrun.mrte <> - Data directory: C:\Users\serge\source\repos\ThirdLab\ThirdLab\My Amplifier Results - ThirdLab\r001macc\data.0
767 [8500] INFO perfrun.mrte <> - Mrte plugin is initialized
767 [8500] INFO perfrun.launcher <> - plugin [emon] was disabled because it doesn't support the given collection type.
767 [8500] INFO perfrun.launcher <> - plugin [cuscol] was disabled because it doesn't support the given collection type.
767 [8500] INFO perfrun.launcher <> - plugin [stdsrc] was disabled because it doesn't support the given collection type.
769 [8500] INFO perfrun.sepdk <> - "C:\Program Files (x86)\IntelSWTools\VTune Amplifier 2019\bin64\sep.exe" -dry-run -ec CPU_CLK_UNHALTED.THREAD:sa=2200000,CPU_CLK_UNHALTED.REF_TSC:sa=2200000,INST_RETIRED.ANY:sa=2200000,CPU_CLK_UNHALTED.REF_XCLK:sa=100003,CPU_CLK_UNHALTED.ONE_THREAD_ACTIVE:sa=100003,MEM_UOPS_RETIRED.ALL_LOADS_PS:sa=100003,MEM_UOPS_RETIRED.ALL_STORES_PS:sa=100003,MEM_TRANS_RETIRED.LOAD_LATENCY_GT_4:sa=10003,CPU_CLK_UNHALTED.THREAD_P,CYCLE_ACTIVITY.STALLS_L1D_MISS,CYCLE_ACTIVITY.STALLS_L2_MISS,CYCLE_ACTIVITY.STALLS_MEM_ANY,CYCLE_ACTIVITY.STALLS_TOTAL,DTLB_LOAD_MISSES.STLB_HIT,DTLB_LOAD_MISSES.WALK_COMPLETED,DTLB_LOAD_MISSES.WALK_DURATION:cmask=1,DTLB_STORE_MISSES.STLB_HIT,DTLB_STORE_MISSES.WALK_COMPLETED,DTLB_STORE_MISSES.WALK_DURATION:cmask=1,IDQ_UOPS_NOT_DELIVERED.CORE,IDQ_UOPS_NOT_DELIVERED.CYCLES_0_UOPS_DELIV.CORE,INT_MISC.RECOVERY_CYCLES,L1D_PEND_MISS.FB_FULL:cmask=1,L1D_PEND_MISS.PENDING,L2_RQSTS.RFO_HIT,LD_BLOCKS.NO_SR,LD_BLOCKS.STORE_FORWARD,LD_BLOCKS_PARTIAL.ADDRESS_ALIAS,MEM_LOAD_UOPS_L3_HIT_RETIRED.XSNP_HITM_PS,MEM_LOAD_UOPS_L3_HIT_RETIRED.XSNP_HIT_PS,MEM_LOAD_UOPS_L3_HIT_RETIRED.XSNP_MISS_PS,MEM_LOAD_UOPS_RETIRED.HIT_LFB_PS,MEM_LOAD_UOPS_RETIRED.L1_HIT_PS,MEM_LOAD_UOPS_RETIRED.L1_MISS,MEM_LOAD_UOPS_RETIRED.L2_HIT_PS,MEM_LOAD_UOPS_RETIRED.L3_HIT_PS,MEM_LOAD_UOPS_RETIRED.L3_MISS_PS,MEM_UOPS_RETIRED.ALL_STORES_PS,MEM_UOPS_RETIRED.LOCK_LOADS_PS,MEM_UOPS_RETIRED.SPLIT_LOADS_PS,MEM_UOPS_RETIRED.SPLIT_STORES_PS,MEM_UOPS_RETIRED.STLB_MISS_LOADS_PS,MEM_UOPS_RETIRED.STLB_MISS_STORES_PS,OFFCORE_REQUESTS_BUFFER.SQ_FULL,OFFCORE_REQUESTS_OUTSTANDING.ALL_DATA_RD:cmask=4,OFFCORE_REQUESTS_OUTSTANDING.CYCLES_WITH_DATA_RD,OFFCORE_REQUESTS_OUTSTANDING.CYCLES_WITH_DEMAND_RFO,RESOURCE_STALLS.SB,RS_EVENTS.EMPTY_CYCLES,RS_EVENTS.EMPTY_END,UOPS_EXECUTED.CYCLES_GE_1_UOP_EXEC,UOPS_EXECUTED.CYCLES_GE_2_UOPS_EXEC,UOPS_EXECUTED.CYCLES_GE_3_UOPS_EXEC,UOPS_ISSUED.ANY,UOPS_RETIRED.RETIRE_SLOTS,OFFCORE_RESPONSE:request=DEMAND_RFO:response=L3_HIT.SNOOP_HITM,UNC_IMC_DRAM_DATA_READS,UNC_IMC_DRAM_DATA_WRITES -experimental
986 [8500] INFO perfrun.launcher <> - plugin [vtsspp] was disabled because it doesn't support the given collection type.
986 [8500] INFO perfrun.launcher <> - plugin [] was disabled because it doesn't support the given collection type.
986 [8500] INFO perfrun.tpss <> - initialize tpss controller
986 [8500] INFO perfrun.launcher <> - plugin [tpss] was disabled because it doesn't support the given collection type.
986 [8500] INFO perfrun.launcher <> - plugin [exprof] was disabled because it doesn't support the given collection type.
986 [8500] INFO perfrun.launcher <> - plugin [] was disabled because it doesn't support the given collection type.
986 [8500] INFO perfrun.launcher <> - plugin [] was disabled because it doesn't support the given collection type.
986 [8500] INFO perfrun.launcher <> - plugin [] was disabled because it doesn't support the given collection type.
986 [8500] INFO perfrun.launcher <> - plugin [] was disabled because it doesn't support the given collection type.
986 [8500] INFO perfrun.launcher <> - plugin [] was disabled because it doesn't support the given collection type.
986 [8500] INFO perfrun.launcher <> - plugin [power] was disabled because it doesn't support the given collection type.
987 [4468] INFO perfrun.launcher <> - set environment variable: PATH = C:\Program Files (x86)\IntelSWTools\VTune Amplifier 2019\bin32\runtime;C:\Program Files (x86)\IntelSWTools\VTune Amplifier 2019\bin64\runtime;C:\Program Files (x86)\Common Files\Oracle\Java\javapath;C:\ProgramData\Oracle\Java\javapath;C:\WINDOWS\system32;C:\WINDOWS;C:\WINDOWS\System32\Wbem;C:\WINDOWS\System32\WindowsPowerShell\v1.0\;C:\Program Files\Git\cmd;C:\Program Files\dotnet\;C:\WINDOWS\System32\OpenSSH\;c:\quartus\quartus\bin;C:\Program Files\nodejs\;C:\Python37-64\Scripts\;C:\Python37-64\;C:\Users\serge\AppData\Local\Microsoft\WindowsApps;C:\Users\serge\AppData\Roaming\npm;C:\Users\serge\AppData\Local\Programs\Microsoft VS Code\bin;C:\Program Files\JetBrains\PyCharm Community Edition 2018.3.4\bin;C:\Users\serge\AppData\Local\GitHubDesktop\bin
987 [4468] INFO perfrun.launcher <> - set environment variable: INTEL_LIBITTNOTIFY32 = C:\Program Files (x86)\IntelSWTools\VTune Amplifier 2019\bin32\runtime\ittnotify_collector.dll
987 [4468] INFO perfrun.launcher <> - set environment variable: INTEL_LIBITTNOTIFY64 = C:\Program Files (x86)\IntelSWTools\VTune Amplifier 2019\bin64\runtime\ittnotify_collector.dll
987 [4468] INFO perfrun.launcher <> - set environment variable: INTEL_ITTNOTIFY_GROUPS = 
987 [4468] INFO perfrun.launcher <> - set environment variable: INTEL_JIT_PROFILER32 = C:\Program Files (x86)\IntelSWTools\VTune Amplifier 2019\bin32\runtime\ittnotify_collector.dll
987 [4468] INFO perfrun.launcher <> - set environment variable: INTEL_JIT_PROFILER64 = C:\Program Files (x86)\IntelSWTools\VTune Amplifier 2019\bin64\runtime\ittnotify_collector.dll
988 [4468] INFO perfrun.launcher <> - set environment variable: VS_PROFILER = ittnotify_collector.dll
988 [4468] INFO perfrun.launcher <> - set environment variable: ENABLE_JITPROFILING = 1
988 [4468] INFO perfrun.launcher <> - set environment variable: CL_CONFIG_USE_VTUNE = True
988 [4468] INFO perfrun.launcher <> - set environment variable: __OCL_MIC_INTEL_LIBITTNOTIFY64 = /amplxe/results/libittnotify_collector.so
988 [4468] INFO perfrun.launcher <> - set environment variable: __OCL_MIC_INTEL_JIT_PROFILER64 = /amplxe/results/libittnotify_collector.so
988 [4468] INFO perfrun.launcher <> - set environment variable: KMP_FORKJOIN_FRAMES = 0
988 [4468] INFO perfrun.launcher <> - set environment variable: KMP_FORKJOIN_FRAMES_MODE = 0
989 [4468] INFO perfrun.launcher <> - set environment variable: INTEL_MRTE_DATA_DIR = C:\Users\serge\source\repos\ThirdLab\ThirdLab\My Amplifier Results - ThirdLab\r001macc\data.0
989 [4468] INFO perfrun.launcher <> - set environment variable: INTEL_MRTE_HOST_NAME = DESKTOP-5NSJHI4
989 [4468] INFO perfrun.launcher <> - set environment variable: JAVA_TOOL_OPTIONS = -agentlib:amplxe_samplingmrte_javaprof_1.0
989 [4468] INFO perfrun.launcher <> - set environment variable: COR_ENABLE_PROFILING = 1
989 [4468] INFO perfrun.launcher <> - set environment variable: COR_PROFILER = {AA5E4821-E3B1-479c-B7FF-5AD047D22CED}
989 [4468] INFO perfrun.launcher <> - set environment variable: COMPLUS_ProfAPI_ProfilerCompatibilitySetting = EnableV2Profiler
990 [4468] INFO perfrun.launcher <> - set environment variable: CORECLR_ENABLE_PROFILING = 1
990 [4468] INFO perfrun.launcher <> - set environment variable: CORECLR_PROFILER = {AA5E4821-E3B1-479c-B7FF-5AD047D22CED}
990 [4468] INFO perfrun.launcher <> - set environment variable: CORECLR_PROFILER_PATH = C:\Program Files (x86)\IntelSWTools\VTune Amplifier 2019\bin64/amplxe_samplingmrte_clrprof_1.0.dll
990 [4468] INFO perfrun.launcher <> - set environment variable: INTEL_MRTE_PROFILER_MODE = mixed
990 [4468] INFO perfrun.launcher <> - RpcServer: run RPC server to handle requests
1006 [4468] INFO perfrun.sdk <> - IProcessUtil: the given executable 'C:\Users\serge\source\repos\ThirdLab\x64\Release\ThirdLab.exe' is valid.
1006 [4468] INFO perfrun.launcher <> - Launcher: command line to start before modification = C:\Users\serge\source\repos\ThirdLab\x64\Release\ThirdLab.exe
1006 [4468] INFO perfrun.launcher <> - Launcher: command line to start after modification = C:\Users\serge\source\repos\ThirdLab\x64\Release\ThirdLab.exe
1006 [4468] INFO perfrun.launcher <> - ProcessCreator object was created
1030 [4468] INFO perfrun.launcher <> - Launcher: the process was started in suspend mode
1030 [8500] INFO perfrun.launcher <> - Messenger::say: Peak bandwidth measurement started.
4566 [8500] INFO perfrun.launcher <> - Messenger::say: Peak bandwidth measurement finished.
4639 [8500] INFO perfrun.system <> - OpenCL gpu adapter vendor Id 4098
4639 [8500] INFO perfrun.system <> - OpenCL gpu adapter vendor Id 32902
4640 [8500] INFO perfrun.itt <> - start itt controller for pid #2104
4641 [8500] INFO perfrun.sepdk <> - called: "C:\Program Files (x86)\IntelSWTools\VTune Amplifier 2019\bin64\sep.exe" -start -experimental -uem timer=10 -p-state trigger=CPU_CLK_UNHALTED.REF_TSC -out "C:\Users\serge\source\repos\ThirdLab\ThirdLab\My Amplifier Results - ThirdLab\r001macc\data.0\sep2134.20190314T165013.706461" -ec INST_RETIRED.ANY:sa=2200000,CPU_CLK_UNHALTED.THREAD:sa=2200000,CPU_CLK_UNHALTED.REF_TSC:sa=2200000,OFFCORE_RESPONSE:request=DEMAND_RFO:response=L3_HIT.SNOOP_HITM,CPU_CLK_UNHALTED.REF_XCLK:sa=100003,CYCLE_ACTIVITY.STALLS_L1D_MISS,CPU_CLK_UNHALTED.ONE_THREAD_ACTIVE:sa=100003,MEM_UOPS_RETIRED.ALL_LOADS_PS:sa=100003,MEM_UOPS_RETIRED.ALL_STORES_PS:sa=100003,L1D_PEND_MISS.PENDING,MEM_TRANS_RETIRED.LOAD_LATENCY_GT_4:sa=10003,CPU_CLK_UNHALTED.THREAD_P,CYCLE_ACTIVITY.STALLS_L2_MISS,CYCLE_ACTIVITY.STALLS_MEM_ANY,CYCLE_ACTIVITY.STALLS_TOTAL,DTLB_LOAD_MISSES.STLB_HIT,DTLB_LOAD_MISSES.WALK_COMPLETED,DTLB_LOAD_MISSES.WALK_DURATION:cmask=1,DTLB_STORE_MISSES.STLB_HIT,DTLB_STORE_MISSES.WALK_COMPLETED,DTLB_STORE_MISSES.WALK_DURATION:cmask=1,IDQ_UOPS_NOT_DELIVERED.CORE,IDQ_UOPS_NOT_DELIVERED.CYCLES_0_UOPS_DELIV.CORE,INT_MISC.RECOVERY_CYCLES,L1D_PEND_MISS.FB_FULL:cmask=1,L2_RQSTS.RFO_HIT,LD_BLOCKS.NO_SR,LD_BLOCKS.STORE_FORWARD,LD_BLOCKS_PARTIAL.ADDRESS_ALIAS,MEM_LOAD_UOPS_L3_HIT_RETIRED.XSNP_HITM_PS,MEM_LOAD_UOPS_L3_HIT_RETIRED.XSNP_HIT_PS,MEM_LOAD_UOPS_L3_HIT_RETIRED.XSNP_MISS_PS,MEM_LOAD_UOPS_RETIRED.HIT_LFB_PS,MEM_LOAD_UOPS_RETIRED.L1_HIT_PS,MEM_LOAD_UOPS_RETIRED.L1_MISS,MEM_LOAD_UOPS_RETIRED.L2_HIT_PS,MEM_LOAD_UOPS_RETIRED.L3_HIT_PS,MEM_LOAD_UOPS_RETIRED.L3_MISS_PS,MEM_UOPS_RETIRED.LOCK_LOADS_PS,MEM_UOPS_RETIRED.SPLIT_LOADS_PS,MEM_UOPS_RETIRED.SPLIT_STORES_PS,MEM_UOPS_RETIRED.STLB_MISS_LOADS_PS,MEM_UOPS_RETIRED.STLB_MISS_STORES_PS,OFFCORE_REQUESTS_BUFFER.SQ_FULL,OFFCORE_REQUESTS_OUTSTANDING.ALL_DATA_RD:cmask=4,OFFCORE_REQUESTS_OUTSTANDING.CYCLES_WITH_DATA_RD,OFFCORE_REQUESTS_OUTSTANDING.CYCLES_WITH_DEMAND_RFO,RESOURCE_STALLS.SB,RS_EVENTS.EMPTY_CYCLES,RS_EVENTS.EMPTY_END,UOPS_EXECUTED.CYCLES_GE_1_UOP_EXEC,UOPS_EXECUTED.CYCLES_GE_2_UOPS_EXEC,UOPS_EXECUTED.CYCLES_GE_3_UOPS_EXEC,UOPS_ISSUED.ANY,UOPS_RETIRED.RETIRE_SLOTS,UNC_IMC_DRAM_DATA_READS,UNC_IMC_DRAM_DATA_WRITES, -d 0 -uem factor=10
5657 [4468] INFO perfrun.launcher <> - Launcher: all plugins were started
5658 [4468] INFO perfrun.launcher <> - DirectoryMonitor object was created
5660 [4468] INFO perfrun.launcher <> - DirectoryMonitor: a callback was added
5660 [4468] INFO perfrun.launcher <> - DirectoryMonitor was started with pingTime = 1000
5660 [4468] INFO perfrun.launcher <> - DeadlineTimer is going to be constructed
5662 [4468] INFO perfrun.launcher <> - DeadlineTimer: a callback was added
5713 [4468] INFO perfrun.launcher <> - Launcher: resume the profiled application and  wait its termination or stop command
9379 [4468] INFO perfrun.launcher <> - Launcher: the profiled application was terminated  with exit code = 0
9406 [8500] INFO perfrun.itt <> - stop itt controller
9406 [8500] INFO perfrun.itt <> - detach itt controller
9406 [8500] INFO perfrun.sepdk <> - called: "C:\Program Files (x86)\IntelSWTools\VTune Amplifier 2019\bin64\sep.exe" -stop
10733 [8500] INFO perfrun.sepdk <> - Sampling successfully stopped.

10734 [8500] INFO perfrun.sdk <> - De-allocating TMU: C:\Users\serge\source\repos\ThirdLab\ThirdLab\My Amplifier Results - ThirdLab\r001macc\data.0\systemcollector-8608-DESKTOP-5NSJHI4.sc
10745 [8500] INFO perfrun.system <> - closed the system trace file: C:\Users\serge\source\repos\ThirdLab\ThirdLab\My Amplifier Results - ThirdLab\r001macc\data.0\systemcollector-8608-DESKTOP-5NSJHI4.sc
10745 [4468] INFO perfrun.launcher <> - Launcher: all plugins were stopped.
10745 [4468] INFO perfrun.launcher <> - DeadlineTimer is going to be destroyed
10746 [4468] INFO perfrun.launcher <> - DirectoryMonitor object was destroyed
10746 [4468] WARN perfrun.launcher <> - Stop command is ignored because it is received when collection is already stopped, at file: C:\BB\INNLphep2w6r\b\b\tmp0reb9v\vcs\perfrun1\launcher\src\command_handler.cpp:212
10752 [4468] INFO perfrun.launcher <> - Application exit code: 0
10752 [4468] INFO perfrun.launcher <> - Exit code: 0
