221 [16804] INFO perfrun.launcher <> - Launcher main begin
235 [16804] INFO perfrun.launcher <> - MessageCatalogInit finished
235 [16804] INFO perfrun.launcher <> - Launcher instance created
235 [16804] INFO perfrun.launcher <> - argc = 7; cmdline = C:\Program Files (x86)\IntelSWTools\VTune Amplifier 2019\bin64\amplxe-runss.exe --ui-output-format xml --ui-output-fd 6316 --event-value-list --platform-type=97 
347 [16804] INFO perfrun.launcher <> - New signal handler callback was added
378 [16804] INFO perfrun.launcher <> - plugin remoteplug has been added successfully
378 [16804] INFO perfrun.launcher <> - plugin system has been added successfully
379 [16804] INFO perfrun.launcher <> - plugin itt has been added successfully
379 [16804] INFO perfrun.launcher <> - plugin  has been added successfully
379 [16804] INFO perfrun.launcher <> - plugin gpu has been added successfully
379 [16804] INFO perfrun.launcher <> - plugin etw.kernel has been added successfully
379 [16804] INFO perfrun.launcher <> - plugin etw.dx has been added successfully
379 [16804] INFO perfrun.launcher <> - plugin etw.wsa has been added successfully
379 [16804] INFO perfrun.launcher <> - plugin mrte has been added successfully
379 [16804] INFO perfrun.launcher <> - plugin emon has been added successfully
379 [16804] INFO perfrun.launcher <> - plugin cuscol has been added successfully
379 [16804] INFO perfrun.launcher <> - plugin stdsrc has been added successfully
380 [16804] INFO perfrun.launcher <> - plugin sep has been added successfully
380 [16804] INFO perfrun.launcher <> - plugin vtsspp has been added successfully
381 [16804] INFO perfrun.launcher <> - plugin  has been added successfully
388 [16804] INFO perfrun.launcher <> - plugin tpss has been added successfully
388 [16804] INFO perfrun.launcher <> - plugin exprof has been added successfully
388 [16804] INFO perfrun.launcher <> - plugin  has been added successfully
388 [16804] INFO perfrun.launcher <> - plugin  has been added successfully
388 [16804] INFO perfrun.launcher <> - plugin  has been added successfully
388 [16804] INFO perfrun.launcher <> - plugin  has been added successfully
388 [16804] INFO perfrun.launcher <> - plugin  has been added successfully
388 [16804] INFO perfrun.launcher <> - plugin power has been added successfully
391 [16804] INFO perfrun.launcher <> - the option was added --interval: Specify an interval of data collection (for example, sampling) in milliseconds.
391 [16804] INFO perfrun.launcher <> - the option was added --follow-child: Profile process with or without children.
392 [16804] INFO perfrun.launcher <> - the option was added --gelding: BADMSG: perfrun1.launcher.plugin_manager::gelding
392 [16804] INFO perfrun.launcher <> - the option was added --time-source: Specify time source for measurement. Possible values: sys - wall clock time; tsc - time stamp counter; ext - time from an external source; auto - auto select accurate time source.
392 [16804] INFO perfrun.launcher <> - the option was added --stack: Enable or disable collection of stacks.
392 [16804] INFO perfrun.launcher <> - the option was added --stack-stitching: Enable or disable the stack stitching algorithm for Intel TBB-based applications.
392 [16804] INFO perfrun.launcher <> - the option was added --type: Specify type of data to be collected. For example, --type cpu:counters,waiting:nostack,io.
393 [16804] INFO perfrun.launcher <> - the option was added --mrte-mode: Specify Java/.NET/other managed runtime collection mode. Possible values: native - collect information only for native code; managed - collect information only for managed code; mixed - collect information for both managed and native code; auto - choose the mode based on binary type.
393 [16804] INFO perfrun.launcher <> - the option was added --mrte-mode-list: List supported Java/.NET/other managed runtime collection modes.
393 [16804] INFO perfrun.launcher <> - the option was added --mrte-type: Specify which managed runtimes to collect. Possible values: java - collect information for Java; dotnet - collect information for .NET; python - collect information for CPython. You can specify several values separated by comma.
393 [16804] INFO perfrun.launcher <> - the option was added --mrte-type-list: List supported Java/.NET/other managed runtime types.
394 [16804] INFO perfrun.launcher <> - the option was added --trace-strategy: Specify how to profile a process tree. <string> can be "<process>:trace:notrace" - profile the process but do not profile its children. Shorthand parameters: t - trace, nt - notrace. For example, "vtunedemo.exe:t:t".
394 [16804] INFO perfrun.launcher <> - the option was added --collector: BADMSG: perfrun1.launcher.plugin_manager::collector
394 [16804] INFO perfrun.launcher <> - the option was added --system-wide: Enable system-wide profiling. This mode may require additional permissions.
394 [16804] INFO perfrun.launcher <> - the option was added --kvm-guest: Enable KVM guest OS profiling.
394 [16804] INFO perfrun.launcher <> - the option was added --kvm-guest-kallsyms: Specify a local path to the /proc/kallsyms file copied from the guest OS for proper symbol resolution.
394 [16804] INFO perfrun.launcher <> - the option was added --kvm-guest-modules: Specify a local path to the /proc/modules file copied from the guest OS for proper symbol resolution.
395 [16804] INFO perfrun.launcher <> - the option was added --bandwidth-limits: Measure bandwidth limits
395 [16804] INFO perfrun.launcher <> - the option was added --bandwidth-strategy: Bandwidth limits determination specific properties (example: --bandwidth-strategy array-size=0,duration=500).
395 [16804] INFO perfrun.launcher <> - the option was added --bandwidth-config: List of benchmarks to run.
395 [16804] INFO perfrun.launcher <> - the option was added --system-collector-config: Specify subcollectors. Possible values: all, vdso, container, device-info, none.
395 [16804] INFO perfrun.launcher <> - the option was added --itt-config: Specify a sub-set of ITT API to collect.
395 [16804] INFO perfrun.launcher <> - the option was added --itt-debug: Set pseudo-breakpoint at ITT API collector's start to enable the debugger to attach early.
396 [16804] INFO perfrun.launcher <> - the option was added --gpu-config: Specify types of GPU data to be collected. Possible values: preset1, preset2.
396 [16804] INFO perfrun.launcher <> - the option was added --gpu-debug: Enable self-testing of the GPGPU profiling collector.
396 [16804] INFO perfrun.launcher <> - the option was added --etw-config: Enable advanced collection of GPU data.
396 [16804] INFO perfrun.launcher <> - the option was added --custom-collector: Allows to provide arbitrary command line to be run on collection steps.
396 [16804] INFO perfrun.launcher <> - the option was added --stdsrc-config: Specify Standard Sources category tag(s).
396 [16804] INFO perfrun.launcher <> - the option was added --event-info: BADMSG: perfrun1.stdsrc::event-info
397 [16804] INFO perfrun.launcher <> - the option was added --cpu-list: List supported CPUs.
397 [16804] INFO perfrun.launcher <> - the option was added --target-list: List available targets for performing sampling collection.
397 [16804] INFO perfrun.launcher <> - the option was added --event-value-list: Display event information.
397 [16804] INFO perfrun.launcher <> - the option was added --platform-value-list: Display details of supported platforms.
397 [16804] INFO perfrun.launcher <> - the option was added --uncore-event-list: List uncore events for which a sampling data collection can be performed on this platform.
397 [16804] INFO perfrun.launcher <> - the option was added --modifier-list: Specify the event name <string> for which the modifiers list is requested.
398 [16804] INFO perfrun.launcher <> - the option was added --pmu-list: List supported PMUs.
398 [16804] INFO perfrun.launcher <> - the option was added --os-mode-only: Enable sampling data collection for OS-mode processes only.
398 [16804] INFO perfrun.launcher <> - the option was added --user-mode-only: Enable sampling data collection for user-mode processes only.
398 [16804] INFO perfrun.launcher <> - the option was added --event-config: Perform data collection for the events with <string> configured using the format <event name1>":modifier1=val:modifier2=val/constraint1={:modifier3=val:modifier4=val}...,"<event name2>":... Specify the events(s) to monitor and embed the event names within double quotes("). [:modifier=val] specifies individual event modifiers along with the respective values for a given platform. Note that the modifiers can be generic to an event as well as specific to a constraint (or an event qualifier). The constraint specific special modifiers appear after [/constraint=]. The modifiers can be in decimal or hexadecimal format. Only specific modifiers accept the value as a string. Each event specification is delimited by a comma (,). For a list of supported modifiers and constraints, refer to the documentation.
399 [16804] INFO perfrun.launcher <> - the option was added --chipset-event-config: Perform data collection for the chipset events with <string> configured using the format "<event name1>"...,"<event name2>":... Specify the events(s) to monitor and embed the event names within double quotes(").
399 [16804] INFO perfrun.launcher <> - the option was added --uncore-event-config: Perform uncore data collection in ebc count mode for the events with <string> configured using the format "<event name1>"...,"<event name2>":... Specify the events(s) to monitor and embed the event names within double quotes(").
399 [16804] INFO perfrun.launcher <> - the option was added --count: Enable counting mode.
399 [16804] INFO perfrun.launcher <> - the option was added --count-emon: Enable counting mode and output the data in EMON format.
400 [16804] INFO perfrun.launcher <> - the option was added --event-based-counts: Enable event-based counting mode. During sampling data collection, event counts data is collected for the list of events specified in -event-config option.
400 [16804] INFO perfrun.launcher <> - the option was added --event-mux-tfactor: Specify the event multiplexing tfactor as <integer> to set the length of the interval between interrupts. The larger the tfactor value, the larger the period between interrupts. Currently this option is only available on Intel platforms codenamed Knights Corner.
400 [16804] INFO perfrun.launcher <> - the option was added --uncore-sampling-interval: Specify the uncore sampling interval as <integer>. This value set the uncore sampling interval for all the uncore events specified in -event-config option.
400 [16804] INFO perfrun.launcher <> - the option was added --full-pebs-capture: Capture full pebs information.
400 [16804] INFO perfrun.launcher <> - the option was added --last-branch-records: Capture Last Branch Records information.
401 [16804] INFO perfrun.launcher <> - the option was added --pmu-type: Specify the targeted PMU name as <string>.
401 [16804] INFO perfrun.launcher <> - the option was added --platform-type: Specify the targeted platform number as <number>.
401 [16804] INFO perfrun.launcher <> - the option was added --p-state-trigger: Specify the name of the trigger event for P-state data as <string>. The default trigger is CPU_CLK_UNHALTED.REF_TSC.
401 [16804] INFO perfrun.launcher <> - the option was added --bts-count: Specify the <integer> number of BTS records collected after each sample or context switch (VTSS++ only).
401 [16804] INFO perfrun.launcher <> - the option was added --cpu-mask: Specify which CPU(s) <string> to collect data on. For example, specify "2-8,10,12-14" to sample only CPUs 2 through 8, 10, and 12 through 14.
402 [16804] INFO perfrun.launcher <> - the option was added --event-mux-alg: Specify the event multiplexing algorithm. Possible values: sequence, timer, trigger.
402 [16804] INFO perfrun.launcher <> - the option was added --event-mux-timeslice: Specify the event multiplexing time slice value as <integer>. The time slice specifies the duration between cycles for each event multiplexing group. The default value is 50 milliseconds. This option is valid only for timer-based event multiplexing. Specify the event multiplexing time slice value as <integer>. The time slice specifies the duration between cycles for each event multiplexing group. The default value is 1 millisecond. This option is valid only for timer-based event multiplexing.
403 [16804] INFO perfrun.launcher <> - the option was added --event-mux-factor: Specify the event multiplexing factor as <integer>. It controls the switching of event multiplexing groups. The default factor is 50. This option is valid only for trigger-based event multiplexing. Specify the event multiplexing factor as <integer>. It controls the switching of event multiplexing groups. The default factor is 1. This option is valid only for trigger-based event multiplexing.
404 [16804] INFO perfrun.launcher <> - the option was added --event-mux-trigger: Specify the name of the trigger event for event multiplexing as <string>. This option is valid only for trigger-based event multiplexing. The default trigger is CPU_CLK_UNHALTED.CORE (or CPU_CLK_UNHALTED.THREAD). BADMSG: perfrun1.vtsspp::event-mux-trigger
404 [16804] INFO perfrun.launcher <> - the option was added --sample-after-multiplier: Specify the sample after multiplier as <double>. This multiplier modifies the sample after value for all the events specified in -event-config option. The values can range from 0.1 to 100.0.
404 [16804] INFO perfrun.launcher <> - the option was added --sys-config: BADMSG: perfrun1.vtsspp::sys-config
405 [16804] INFO perfrun.launcher <> - the option was added --pt-mode: BADMSG: perfrun1.vtsspp::pt-mode
405 [16804] INFO perfrun.launcher <> - the option was added --stackwalk: Specify stack unwinding method. Possible value: lbr - unwind stacks during collection. Specify stack unwinding method. Possible values: online - unwind stacks during collection; offline - unwind stacks after collection is finished; lbr - enable LBR-based call stack collection. Specify stack unwinding method. Possible values: online - unwind stacks during collection; offline - unwind stacks after collection is finished.
405 [16804] INFO perfrun.launcher <> - the option was added --filter-include: Filter data during collection. Possible values: contended=<on|off> - filter out uncontended events; contended_nostack=<time> - filter out stacks for contended events that take less than <time> microseconds; wait=<time> - ignore transitions and blocks with wait time less than <time> microseconds; wait_nostack=<time> - filter out stacks for waits that take less than <time> microseconds.
406 [16804] INFO perfrun.launcher <> - the option was added --debug-pin: Debug PIN tool and runtime.
406 [16804] INFO perfrun.launcher <> - the option was added --debug-exception: Disallow the application to set own abnormal termination handler.
406 [16804] INFO perfrun.launcher <> - the option was added --trace-type: Specify the trace file granularity. Possible values: per-thread - per-thread trace file generation; per-process - per-process trace file generation.
407 [16804] INFO perfrun.launcher <> - the option was added --instrumentation-type: Specify type of instrumentation.
407 [16804] INFO perfrun.launcher <> - the option was added --guard-pulse-event: Enable handling of PulseEvent API in order not to miss signals made by the API during Hotspots collection.
407 [16804] INFO perfrun.launcher <> - the option was added --memory-strategy: Specify a minimal memory object size to be traced and a hash table size for faster objects search; for example: --memory-strategy obj-size-min=1024,hash-table-size=4096.
408 [16804] INFO perfrun.launcher <> - the option was added --opencl-trace-mode: Specify OpenCL kernel tracing modes: 'default' to trace OpenCL kernels for Intel Graphics Driver only; 'epoch' for any non-Intel graphics, where OpenCL kernels will be traced and OpenCL profiling API timestamps will be interpreted as Unux Epoch time in nanoseconds; 'completion' to trace OpenCL kernels for any Graphics Driver and bind OpenCL profiling API timestamps to the timestamp of OpenCL completion callback.
408 [16804] INFO perfrun.launcher <> - the option was added --exprof-com-list: List available COM ports.
408 [16804] INFO perfrun.launcher <> - the option was added --exprof-dvc-list: List available DvC IDs.
409 [16804] INFO perfrun.launcher <> - the option was added --exprof-trace-channel: BADMSG: perfrun1.exprof::exprof-trace-channel
409 [16804] INFO perfrun.launcher <> - the option was added --exprof-event-config: Specify ExactProfiling Event Classes.
409 [16804] INFO perfrun.launcher <> - the option was added --pwr-config: BADMSG: perfrun1.vtsspp::pwr-config Specify power metrics configuration.
409 [16804] INFO perfrun.launcher <> - the option was added --socwatch-dir: Specify a directory where Intel SoC Watch collector is installed.
412 [16804] INFO perfrun.launcher <> - create msngr2::ICliToolContext
413 [16804] INFO perfrun.launcher <> - create file finder object
413 [3460] INFO perfrun.launcher <> - plugin [remoteplug] was disabled because it doesn't support the given collection type.
414 [3460] INFO perfrun.launcher <> - plugin [system] was disabled because it doesn't support the given collection type.
414 [3460] INFO perfrun.launcher <> - plugin [itt] was disabled because it doesn't support the given collection type.
414 [3460] INFO perfrun.launcher <> - plugin [] was disabled because it doesn't support the given collection type.
414 [3460] INFO perfrun.launcher <> - plugin [gpu] was disabled because it doesn't support the given collection type.
414 [3460] INFO perfrun.launcher <> - plugin [etw.kernel] was disabled because it doesn't support the given collection type.
414 [3460] INFO perfrun.launcher <> - plugin [etw.dx] was disabled because it doesn't support the given collection type.
414 [3460] INFO perfrun.launcher <> - plugin [etw.wsa] was disabled because it doesn't support the given collection type.
414 [3460] INFO perfrun.launcher <> - plugin [mrte] was disabled because it doesn't support the given collection type.
414 [3460] INFO perfrun.launcher <> - plugin [emon] was disabled because it doesn't support the given collection type.
414 [3460] INFO perfrun.launcher <> - plugin [cuscol] was disabled because it doesn't support the given collection type.
414 [3460] INFO perfrun.launcher <> - plugin [stdsrc] was disabled because it doesn't support the given collection type.
3347 [3460] INFO perfrun.launcher <> - plugin [vtsspp] was disabled because it doesn't support the given collection type.
3347 [3460] INFO perfrun.launcher <> - plugin [] was disabled because it doesn't support the given collection type.
3347 [3460] INFO perfrun.launcher <> - plugin [tpss] was disabled because it doesn't support the given collection type.
3347 [3460] ERROR perfrun.exprof <> - Missing target-system parameter to get --event-value-list, at file: C:\BB\INNLphep2w6r\b\b\tmp0reb9v\vcs\perfrun1\plugins\exprof\src\controller.cpp:406
3347 [3460] INFO perfrun.launcher <> - plugin [exprof] was disabled because it doesn't support the given collection type.
3347 [3460] INFO perfrun.launcher <> - plugin [] was disabled because it doesn't support the given collection type.
3347 [3460] INFO perfrun.launcher <> - plugin [] was disabled because it doesn't support the given collection type.
3347 [3460] INFO perfrun.launcher <> - plugin [] was disabled because it doesn't support the given collection type.
3347 [3460] INFO perfrun.launcher <> - plugin [] was disabled because it doesn't support the given collection type.
3347 [3460] INFO perfrun.launcher <> - plugin [] was disabled because it doesn't support the given collection type.
3347 [3460] INFO perfrun.launcher <> - plugin [power] was disabled because it doesn't support the given collection type.
3348 [16804] INFO perfrun.launcher <> - Application exit code: 0
3348 [16804] INFO perfrun.launcher <> - Exit code: 0
